2022-11-20 20:45:10 INFO Вводят число, которое загадывает компьютер
2022-11-20 20:45:12 INFO Ввели корректное число(10)
2022-11-20 20:45:13 INFO Вводят число попыток, за которое пользователь может отгадать число
2022-11-20 20:45:15 INFO Ввели корректное число попыток(5)
2022-11-20 20:45:20 INFO Попытка отгадать число(1)
2022-11-20 20:45:22 INFO Вводят предполагаемое число, которое загадал компьютер
2022-11-20 20:45:30 INFO Ввели корректное предполагаемое число, которое загадал компьютер(4)
2022-11-20 20:46:07 INFO Предпологаемое число меньше числа, которое загадал компьютер
2022-11-20 20:46:12 INFO Попытка отгадать число(2)
2022-11-20 20:46:15 INFO Вводят предполагаемое число, которое загадал компьютер
2022-11-20 20:46:17 INFO Ввели корректное предполагаемое число, которое загадал компьютер(7)
2022-11-20 20:46:21 INFO Предпологаемое число меньше числа, которое загадал компьютер
2022-11-20 20:46:23 INFO Попытка отгадать число(3)
2022-11-20 20:46:30 INFO Вводят предполагаемое число, которое загадал компьютер
2022-11-20 20:46:31 INFO Ввели корректное предполагаемое число, которое загадал компьютер(6)
2022-11-20 20:46:33 INFO Предпологаемое число меньше числа, которое загадал компьютер
2022-11-20 20:46:35 INFO Попытка отгадать число(4)
2022-11-20 20:46:40 INFO Вводят предполагаемое число, которое загадал компьютер
2022-11-20 20:46:45 INFO Ввели корректное предполагаемое число, которое загадал компьютер(10)
2022-11-20 20:46:50 INFO Предпологаемое число равно числу, которое загадал компьютер